c:\users\b407_21\desktop\oop_2\0904\0904\debug\vc140.pdb
c:\users\b407_21\desktop\oop_2\0904\0904\debug\vc140.idb
c:\users\b407_21\desktop\oop_2\0904\0904\debug\0904.obj
c:\users\b407_21\desktop\oop_2\0904\debug\0904.pdb
c:\users\b407_21\desktop\oop_2\0904\0904\debug\0904.tlog\cl.command.1.tlog
c:\users\b407_21\desktop\oop_2\0904\0904\debug\0904.tlog\cl.read.1.tlog
c:\users\b407_21\desktop\oop_2\0904\0904\debug\0904.tlog\cl.write.1.tlog
c:\users\b407_21\desktop\oop_2\0904\0904\debug\0904.tlog\link-cvtres.read.1.tlog
c:\users\b407_21\desktop\oop_2\0904\0904\debug\0904.tlog\link-cvtres.write.1.tlog
c:\users\b407_21\desktop\oop_2\0904\0904\debug\0904.tlog\link-rc.read.1.tlog
c:\users\b407_21\desktop\oop_2\0904\0904\debug\0904.tlog\link-rc.write.1.tlog
c:\users\b407_21\desktop\oop_2\0904\0904\debug\0904.tlog\link.2136-cvtres.read.1.tlog
c:\users\b407_21\desktop\oop_2\0904\0904\debug\0904.tlog\link.2136-cvtres.write.1.tlog
c:\users\b407_21\desktop\oop_2\0904\0904\debug\0904.tlog\link.2136-rc.read.1.tlog
c:\users\b407_21\desktop\oop_2\0904\0904\debug\0904.tlog\link.2136-rc.write.1.tlog
c:\users\b407_21\desktop\oop_2\0904\0904\debug\0904.tlog\link.2136.read.1.tlog
c:\users\b407_21\desktop\oop_2\0904\0904\debug\0904.tlog\link.2136.write.1.tlog
c:\users\b407_21\desktop\oop_2\0904\0904\debug\0904.tlog\link.command.1.tlog
c:\users\b407_21\desktop\oop_2\0904\0904\debug\0904.tlog\link.read.1.tlog
c:\users\b407_21\desktop\oop_2\0904\0904\debug\0904.tlog\link.write.1.tlog
